[20:15:59] [ServerMain/INFO]: Environment: authHost='https://authserver.mojang.com', accountsHost='https://api.mojang.com', sessionHost='https://sessionserver.mojang.com', servicesHost='https://api.minecraftservices.com', name='PROD'
[20:16:00] [ServerMain/INFO]: Reloading ResourceManager: Default, bukkit
[20:16:01] [Worker-Main-7/INFO]: Loaded 7 recipes
[20:16:03] [Server thread/INFO]: Starting minecraft server version 1.18.1
[20:16:03] [Server thread/INFO]: Loading properties
[20:16:04] [Server thread/INFO]: This server is running CraftBukkit version 3442-Spigot-699290c-62d9762 (MC: 1.18.1) (Implementing API version 1.18.1-R0.1-SNAPSHOT)
[20:16:04] [Server thread/INFO]: Debug logging is disabled
[20:16:04] [Server thread/INFO]: Server Ping Player Sample Count: 12
[20:16:04] [Server thread/INFO]: Using 4 threads for Netty based IO
[20:16:04] [Server thread/INFO]: Default game type: SURVIVAL
[20:16:04] [Server thread/INFO]: Generating keypair
[20:16:04] [Server thread/INFO]: Starting Minecraft server on *:25565
[20:16:04] [Server thread/INFO]: Using default channel type
[20:16:05] [Server thread/INFO]: [floodgate] Loading floodgate v2.1.0-SNAPSHOT
[20:16:06] [Server thread/INFO]: [floodgate] Took 779ms to boot Floodgate
[20:16:06] [Server thread/INFO]: [Geyser-Spigot] Loading Geyser-Spigot v2.0.1-SNAPSHOT
[20:16:06] [Server thread/WARN]: **** SERVER IS RUNNING IN OFFLINE/INSECURE MODE!
[20:16:06] [Server thread/WARN]: The server will make no attempt to authenticate usernames. Beware.
[20:16:06] [Server thread/WARN]: While this makes the game possible to play without internet access, it also opens up the ability for hackers to connect with any username they choose.
[20:16:06] [Server thread/WARN]: To change this, set "online-mode" to "true" in the server.properties file.
[20:16:06] [Server thread/INFO]: Preparing level "world"
[20:16:06] [Server thread/INFO]: -------- World Settings For [world] --------
[20:16:06] [Server thread/INFO]: Nerfing mobs spawned from spawners: false
[20:16:06] [Server thread/INFO]: Zombie Aggressive Towards Villager: true
[20:16:06] [Server thread/INFO]: Allow Zombie Pigmen to spawn from portal blocks: true
[20:16:06] [Server thread/INFO]: Item Merge Radius: 2.5
[20:16:06] [Server thread/INFO]: Item Despawn Rate: 6000
[20:16:06] [Server thread/INFO]: Simulation Distance: 10
[20:16:06] [Server thread/INFO]: View Distance: 10
[20:16:06] [Server thread/INFO]: Arrow Despawn Rate: 1200 Trident Respawn Rate:1200
[20:16:06] [Server thread/INFO]: Cactus Growth Modifier: 100%
[20:16:06] [Server thread/INFO]: Cane Growth Modifier: 100%
[20:16:06] [Server thread/INFO]: Melon Growth Modifier: 100%
[20:16:06] [Server thread/INFO]: Mushroom Growth Modifier: 100%
[20:16:06] [Server thread/INFO]: Pumpkin Growth Modifier: 100%
[20:16:06] [Server thread/INFO]: Sapling Growth Modifier: 100%
[20:16:06] [Server thread/INFO]: Beetroot Growth Modifier: 100%
[20:16:06] [Server thread/INFO]: Carrot Growth Modifier: 100%
[20:16:06] [Server thread/INFO]: Potato Growth Modifier: 100%
[20:16:06] [Server thread/INFO]: Wheat Growth Modifier: 100%
[20:16:06] [Server thread/INFO]: NetherWart Growth Modifier: 100%
[20:16:06] [Server thread/INFO]: Vine Growth Modifier: 100%
[20:16:06] [Server thread/INFO]: Cocoa Growth Modifier: 100%
[20:16:06] [Server thread/INFO]: Bamboo Growth Modifier: 100%
[20:16:06] [Server thread/INFO]: SweetBerry Growth Modifier: 100%
[20:16:06] [Server thread/INFO]: Kelp Growth Modifier: 100%
[20:16:06] [Server thread/INFO]: Experience Merge Radius: 3.0
[20:16:06] [Server thread/INFO]: Mob Spawn Range: 6
[20:16:06] [Server thread/INFO]: Hopper Transfer: 8 Hopper Check: 1 Hopper Amount: 1
[20:16:06] [Server thread/INFO]: Entity Tracking Range: Pl 48 / An 48 / Mo 48 / Mi 32 / Other 64
[20:16:06] [Server thread/INFO]: Entity Activation Range: An 32 / Mo 32 / Ra 48 / Mi 16 / Tiv true / Isa false
[20:16:06] [Server thread/INFO]: Custom Map Seeds:  Village: 10387312 Desert: 14357617 Igloo: 14357618 Jungle: 14357619 Swamp: 14357620 Monument: 10387313 Ocean: 14357621 Shipwreck: 165745295 End City: 10387313 Slime: 987234911 Bastion: 30084232 Fortress: 30084232 Mansion: 10387319 Fossil: 14357921 Portal: 34222645
[20:16:06] [Server thread/INFO]: Max TNT Explosions: 100
[20:16:06] [Server thread/INFO]: Tile Max Tick Time: 50ms Entity max Tick Time: 50ms
[20:16:07] [Server thread/INFO]: -------- World Settings For [world_nether] --------
[20:16:07] [Server thread/INFO]: Nerfing mobs spawned from spawners: false
[20:16:07] [Server thread/INFO]: Zombie Aggressive Towards Villager: true
[20:16:07] [Server thread/INFO]: Allow Zombie Pigmen to spawn from portal blocks: true
[20:16:07] [Server thread/INFO]: Item Merge Radius: 2.5
[20:16:07] [Server thread/INFO]: Item Despawn Rate: 6000
[20:16:07] [Server thread/INFO]: Simulation Distance: 10
[20:16:07] [Server thread/INFO]: View Distance: 10
[20:16:07] [Server thread/INFO]: Arrow Despawn Rate: 1200 Trident Respawn Rate:1200
[20:16:07] [Server thread/INFO]: Cactus Growth Modifier: 100%
[20:16:07] [Server thread/INFO]: Cane Growth Modifier: 100%
[20:16:07] [Server thread/INFO]: Melon Growth Modifier: 100%
[20:16:07] [Server thread/INFO]: Mushroom Growth Modifier: 100%
[20:16:07] [Server thread/INFO]: Pumpkin Growth Modifier: 100%
[20:16:07] [Server thread/INFO]: Sapling Growth Modifier: 100%
[20:16:07] [Server thread/INFO]: Beetroot Growth Modifier: 100%
[20:16:07] [Server thread/INFO]: Carrot Growth Modifier: 100%
[20:16:07] [Server thread/INFO]: Potato Growth Modifier: 100%
[20:16:07] [Server thread/INFO]: Wheat Growth Modifier: 100%
[20:16:07] [Server thread/INFO]: NetherWart Growth Modifier: 100%
[20:16:07] [Server thread/INFO]: Vine Growth Modifier: 100%
[20:16:07] [Server thread/INFO]: Cocoa Growth Modifier: 100%
[20:16:07] [Server thread/INFO]: Bamboo Growth Modifier: 100%
[20:16:07] [Server thread/INFO]: SweetBerry Growth Modifier: 100%
[20:16:07] [Server thread/INFO]: Kelp Growth Modifier: 100%
[20:16:07] [Server thread/INFO]: Experience Merge Radius: 3.0
[20:16:07] [Server thread/INFO]: Mob Spawn Range: 6
[20:16:07] [Server thread/INFO]: Hopper Transfer: 8 Hopper Check: 1 Hopper Amount: 1
[20:16:07] [Server thread/INFO]: Entity Tracking Range: Pl 48 / An 48 / Mo 48 / Mi 32 / Other 64
[20:16:07] [Server thread/INFO]: Entity Activation Range: An 32 / Mo 32 / Ra 48 / Mi 16 / Tiv true / Isa false
[20:16:07] [Server thread/INFO]: Custom Map Seeds:  Village: 10387312 Desert: 14357617 Igloo: 14357618 Jungle: 14357619 Swamp: 14357620 Monument: 10387313 Ocean: 14357621 Shipwreck: 165745295 End City: 10387313 Slime: 987234911 Bastion: 30084232 Fortress: 30084232 Mansion: 10387319 Fossil: 14357921 Portal: 34222645
[20:16:07] [Server thread/INFO]: Max TNT Explosions: 100
[20:16:07] [Server thread/INFO]: Tile Max Tick Time: 50ms Entity max Tick Time: 50ms
[20:16:08] [Server thread/INFO]: -------- World Settings For [world_the_end] --------
[20:16:08] [Server thread/INFO]: Nerfing mobs spawned from spawners: false
[20:16:08] [Server thread/INFO]: Zombie Aggressive Towards Villager: true
[20:16:08] [Server thread/INFO]: Allow Zombie Pigmen to spawn from portal blocks: true
[20:16:08] [Server thread/INFO]: Item Merge Radius: 2.5
[20:16:08] [Server thread/INFO]: Item Despawn Rate: 6000
[20:16:08] [Server thread/INFO]: Simulation Distance: 10
[20:16:08] [Server thread/INFO]: View Distance: 10
[20:16:08] [Server thread/INFO]: Arrow Despawn Rate: 1200 Trident Respawn Rate:1200
[20:16:08] [Server thread/INFO]: Cactus Growth Modifier: 100%
[20:16:08] [Server thread/INFO]: Cane Growth Modifier: 100%
[20:16:08] [Server thread/INFO]: Melon Growth Modifier: 100%
[20:16:08] [Server thread/INFO]: Mushroom Growth Modifier: 100%
[20:16:08] [Server thread/INFO]: Pumpkin Growth Modifier: 100%
[20:16:08] [Server thread/INFO]: Sapling Growth Modifier: 100%
[20:16:08] [Server thread/INFO]: Beetroot Growth Modifier: 100%
[20:16:08] [Server thread/INFO]: Carrot Growth Modifier: 100%
[20:16:08] [Server thread/INFO]: Potato Growth Modifier: 100%
[20:16:08] [Server thread/INFO]: Wheat Growth Modifier: 100%
[20:16:08] [Server thread/INFO]: NetherWart Growth Modifier: 100%
[20:16:08] [Server thread/INFO]: Vine Growth Modifier: 100%
[20:16:08] [Server thread/INFO]: Cocoa Growth Modifier: 100%
[20:16:08] [Server thread/INFO]: Bamboo Growth Modifier: 100%
[20:16:08] [Server thread/INFO]: SweetBerry Growth Modifier: 100%
[20:16:08] [Server thread/INFO]: Kelp Growth Modifier: 100%
[20:16:08] [Server thread/INFO]: Experience Merge Radius: 3.0
[20:16:08] [Server thread/INFO]: Mob Spawn Range: 6
[20:16:08] [Server thread/INFO]: Hopper Transfer: 8 Hopper Check: 1 Hopper Amount: 1
[20:16:08] [Server thread/INFO]: Entity Tracking Range: Pl 48 / An 48 / Mo 48 / Mi 32 / Other 64
[20:16:08] [Server thread/INFO]: Entity Activation Range: An 32 / Mo 32 / Ra 48 / Mi 16 / Tiv true / Isa false
[20:16:08] [Server thread/INFO]: Custom Map Seeds:  Village: 10387312 Desert: 14357617 Igloo: 14357618 Jungle: 14357619 Swamp: 14357620 Monument: 10387313 Ocean: 14357621 Shipwreck: 165745295 End City: 10387313 Slime: 987234911 Bastion: 30084232 Fortress: 30084232 Mansion: 10387319 Fossil: 14357921 Portal: 34222645
[20:16:08] [Server thread/INFO]: Max TNT Explosions: 100
[20:16:08] [Server thread/INFO]: Tile Max Tick Time: 50ms Entity max Tick Time: 50ms
[20:16:08] [Server thread/INFO]: Preparing start region for dimension minecraft:overworld
[20:16:09] [Worker-Main-8/INFO]: Preparing spawn area: 0%
[20:16:09] [Worker-Main-8/INFO]: Preparing spawn area: 0%
[20:16:09] [Worker-Main-8/INFO]: Preparing spawn area: 0%
[20:16:09] [Worker-Main-10/INFO]: Preparing spawn area: 0%
[20:16:13] [Worker-Main-10/INFO]: Preparing spawn area: 0%
[20:16:13] [Worker-Main-7/INFO]: Preparing spawn area: 0%
[20:16:13] [Worker-Main-7/INFO]: Preparing spawn area: 0%
[20:16:13] [Worker-Main-7/INFO]: Preparing spawn area: 0%
[20:16:13] [Worker-Main-7/INFO]: Preparing spawn area: 0%
[20:16:13] [Worker-Main-7/INFO]: Preparing spawn area: 0%
[20:16:13] [Worker-Main-7/INFO]: Preparing spawn area: 0%
[20:16:13] [Worker-Main-7/INFO]: Preparing spawn area: 0%
[20:16:14] [Worker-Main-8/INFO]: Preparing spawn area: 0%
[20:16:14] [Worker-Main-10/INFO]: Preparing spawn area: 3%
[20:16:15] [Worker-Main-6/INFO]: Preparing spawn area: 16%
[20:16:16] [Worker-Main-8/INFO]: Preparing spawn area: 25%
[20:16:16] [Worker-Main-9/INFO]: Preparing spawn area: 25%
[20:16:16] [Worker-Main-8/INFO]: Preparing spawn area: 30%
[20:16:18] [Worker-Main-7/INFO]: Preparing spawn area: 34%
[20:16:18] [Worker-Main-7/INFO]: Preparing spawn area: 34%
[20:16:18] [Worker-Main-6/INFO]: Preparing spawn area: 34%
[20:16:18] [Worker-Main-7/INFO]: Preparing spawn area: 56%
[20:16:19] [Worker-Main-9/INFO]: Preparing spawn area: 68%
[20:16:19] [Worker-Main-6/INFO]: Preparing spawn area: 68%
[20:16:20] [Worker-Main-6/INFO]: Preparing spawn area: 68%
[20:16:20] [Worker-Main-9/INFO]: Preparing spawn area: 70%
[20:16:21] [Worker-Main-9/INFO]: Preparing spawn area: 73%
[20:16:21] [Worker-Main-8/INFO]: Preparing spawn area: 74%
[20:16:22] [Worker-Main-6/INFO]: Preparing spawn area: 77%
[20:16:22] [Worker-Main-9/INFO]: Preparing spawn area: 79%
[20:16:23] [Worker-Main-6/INFO]: Preparing spawn area: 82%
[20:16:23] [Worker-Main-6/INFO]: Preparing spawn area: 83%
[20:16:24] [Worker-Main-10/INFO]: Preparing spawn area: 84%
[20:16:24] [Worker-Main-10/INFO]: Preparing spawn area: 85%
[20:16:25] [Worker-Main-8/INFO]: Preparing spawn area: 86%
[20:16:25] [Worker-Main-6/INFO]: Preparing spawn area: 87%
[20:16:26] [Worker-Main-7/INFO]: Preparing spawn area: 89%
[20:16:26] [Worker-Main-7/INFO]: Preparing spawn area: 92%
[20:16:27] [Worker-Main-9/INFO]: Preparing spawn area: 94%
[20:16:27] [Worker-Main-10/INFO]: Preparing spawn area: 97%
[20:16:28] [Server thread/INFO]: Time elapsed: 19929 ms
[20:16:28] [Server thread/INFO]: Preparing start region for dimension minecraft:the_nether
[20:16:28] [Worker-Main-6/INFO]: Preparing spawn area: 0%
[20:16:28] [Worker-Main-7/INFO]: Preparing spawn area: 0%
[20:16:29] [Worker-Main-7/INFO]: Preparing spawn area: 0%
[20:16:29] [Worker-Main-9/INFO]: Preparing spawn area: 0%
[20:16:30] [Worker-Main-6/INFO]: Preparing spawn area: 1%
[20:16:30] [Worker-Main-7/INFO]: Preparing spawn area: 6%
[20:16:31] [Worker-Main-6/INFO]: Preparing spawn area: 27%
[20:16:31] [Worker-Main-6/INFO]: Preparing spawn area: 44%
[20:16:32] [Worker-Main-7/INFO]: Preparing spawn area: 61%
[20:16:32] [Worker-Main-7/INFO]: Preparing spawn area: 68%
[20:16:33] [Worker-Main-6/INFO]: Preparing spawn area: 71%
[20:16:33] [Worker-Main-6/INFO]: Preparing spawn area: 73%
[20:16:34] [Worker-Main-10/INFO]: Preparing spawn area: 76%
[20:16:34] [Worker-Main-7/INFO]: Preparing spawn area: 79%
[20:16:35] [Worker-Main-7/INFO]: Preparing spawn area: 82%
[20:16:35] [Worker-Main-9/INFO]: Preparing spawn area: 83%
[20:16:36] [Worker-Main-8/INFO]: Preparing spawn area: 85%
[20:16:36] [Worker-Main-6/INFO]: Preparing spawn area: 87%
[20:16:37] [Worker-Main-9/INFO]: Preparing spawn area: 89%
[20:16:37] [Worker-Main-9/INFO]: Preparing spawn area: 92%
[20:16:38] [Worker-Main-7/INFO]: Preparing spawn area: 94%
[20:16:38] [Worker-Main-7/INFO]: Preparing spawn area: 97%
[20:16:38] [Server thread/INFO]: Time elapsed: 10820 ms
[20:16:38] [Server thread/INFO]: Preparing start region for dimension minecraft:the_end
[20:16:39] [Worker-Main-9/INFO]: Preparing spawn area: 0%
[20:16:39] [Worker-Main-7/INFO]: Preparing spawn area: 0%
[20:16:39] [Worker-Main-8/INFO]: Preparing spawn area: 0%
[20:16:40] [Worker-Main-10/INFO]: Preparing spawn area: 1%
[20:16:40] [Worker-Main-9/INFO]: Preparing spawn area: 23%
[20:16:41] [Worker-Main-9/INFO]: Preparing spawn area: 43%
[20:16:41] [Worker-Main-6/INFO]: Preparing spawn area: 61%
[20:16:42] [Worker-Main-6/INFO]: Preparing spawn area: 69%
[20:16:42] [Worker-Main-10/INFO]: Preparing spawn area: 73%
[20:16:43] [Worker-Main-6/INFO]: Preparing spawn area: 84%
[20:16:43] [Worker-Main-7/INFO]: Preparing spawn area: 95%
[20:16:44] [Server thread/INFO]: Time elapsed: 5237 ms
[20:16:44] [Server thread/INFO]: [floodgate] Enabling floodgate v2.1.0-SNAPSHOT
[20:16:44] [Server thread/INFO]: [Geyser-Spigot] Enabling Geyser-Spigot v2.0.1-SNAPSHOT
[20:16:45] [Server thread/INFO]: [Geyser-Spigot] Auto-loaded Floodgate key
[20:16:45] [Server thread/INFO]: [Geyser-Spigot] ******************************************
[20:16:45] [Server thread/INFO]: [Geyser-Spigot] 
[20:16:45] [Server thread/INFO]: [Geyser-Spigot] Loading Geyser version 2.0.1-SNAPSHOT (git-master-7bd5b59)
[20:16:45] [Server thread/INFO]: [Geyser-Spigot] 
[20:16:45] [Server thread/INFO]: [Geyser-Spigot] ******************************************
[20:16:47] [Server thread/INFO]: [Geyser-Spigot] Loaded Floodgate key!
[20:16:48] [Network Listener - #1/INFO]: [Geyser-Spigot] Started Geyser on 0.0.0.0:19132
[20:16:48] [Server thread/INFO]: [Geyser-Spigot] Done (3.07s)! Run /geyser help for help!
[20:16:48] [Server thread/INFO]: Server permissions file permissions.yml is empty, ignoring it
[20:16:48] [Server thread/INFO]: Done (41.824s)! For help, type "help"
[20:30:23] [Server thread/INFO]: Stopping server
[20:30:23] [Server thread/INFO]: [Geyser-Spigot] Disabling Geyser-Spigot v2.0.1-SNAPSHOT
[20:30:23] [Server thread/INFO]: [Geyser-Spigot] Shutting down Geyser.
[20:30:23] [Server thread/INFO]: [Geyser-Spigot] Geyser shutdown successfully.
[20:30:23] [Server thread/INFO]: [floodgate] Disabling floodgate v2.1.0-SNAPSHOT
[20:30:23] [Server thread/INFO]: Saving players
[20:30:23] [Server thread/INFO]: Saving worlds
[20:30:23] [Server thread/INFO]: Saving chunks for level 'ServerLevel[world]'/minecraft:overworld
[20:30:23] [WebSocketConnectReadThread-57/INFO]: [Geyser-Spigot] The skin uploader has been closed
[20:30:23] [Server thread/INFO]: Saving chunks for level 'ServerLevel[world_nether]'/minecraft:the_nether
[20:30:23] [Server thread/INFO]: Saving chunks for level 'ServerLevel[world_the_end]'/minecraft:the_end
[20:30:23] [Server thread/INFO]: ThreadedAnvilChunkStorage (world): All chunks are saved
[20:30:23] [Server thread/INFO]: ThreadedAnvilChunkStorage (DIM-1): All chunks are saved
[20:30:23] [Server thread/INFO]: ThreadedAnvilChunkStorage (DIM1): All chunks are saved
[20:30:23] [Server thread/INFO]: ThreadedAnvilChunkStorage: All dimensions are saved
